C:\USERS\ICHRI_000\DOCUMENTS\VISUAL STUDIO 2012\PROJECTS\ECE317_PROJECT\ECE317_PROJECT\DEBUG\.NETFRAMEWORK,VERSION=V4.5.ASSEMBLYATTRIBUTES.OBJ
C:\USERS\ICHRI_000\DOCUMENTS\VISUAL STUDIO 2012\PROJECTS\ECE317_PROJECT\ECE317_PROJECT\DEBUG\VC110.PDB
C:\USERS\ICHRI_000\DOCUMENTS\VISUAL STUDIO 2012\PROJECTS\ECE317_PROJECT\ECE317_PROJECT\DEBUG\MYFORM.OBJ
C:\USERS\ICHRI_000\DOCUMENTS\VISUAL STUDIO 2012\PROJECTS\ECE317_PROJECT\ECE317_PROJECT\DEBUG\COMPLEX.OBJ
c:\Users\ichri_000\documents\visual studio 2012\Projects\ECE317_Project\ECE317_Project\Debug\ECE317_Project.Calculator.resources
c:\Users\ichri_000\documents\visual studio 2012\Projects\ECE317_Project\ECE317_Project\Debug\ECE317_Project.Complex.resources
C:\Users\iChri_000\Documents\Visual Studio 2012\Projects\ECE317_Project\ECE317_Project\Debug\ECE317_Project.Calculator.resources
C:\Users\iChri_000\Documents\Visual Studio 2012\Projects\ECE317_Project\ECE317_Project\Debug\ECE317_Project.Complex.resources
C:\Users\iChri_000\Documents\Visual Studio 2012\Projects\ECE317_Project\ECE317_Project\Debug\ECE317_Project.MyForm.resources
C:\USERS\ICHRI_000\DOCUMENTS\VISUAL STUDIO 2012\PROJECTS\ECE317_PROJECT\DEBUG\ECE317_PROJECT.ILK
C:\USERS\ICHRI_000\DOCUMENTS\VISUAL STUDIO 2012\PROJECTS\ECE317_PROJECT\DEBUG\ECE317_PROJECT.EXE
C:\USERS\ICHRI_000\DOCUMENTS\VISUAL STUDIO 2012\PROJECTS\ECE317_PROJECT\DEBUG\ECE317_PROJECT.PDB
C:\USERS\ICHRI_000\DOCUMENTS\VISUAL STUDIO 2012\PROJECTS\NEW\DEBUG\ECE317_PROJECT.ILK
C:\USERS\ICHRI_000\DOCUMENTS\VISUAL STUDIO 2012\PROJECTS\NEW\DEBUG\ECE317_PROJECT.EXE
C:\USERS\ICHRI_000\DOCUMENTS\VISUAL STUDIO 2012\PROJECTS\NEW\DEBUG\ECE317_PROJECT.PDB
C:\Users\iChri_000\Documents\Visual Studio 2012\Projects\ECE317_Project\ECE317_Project\Debug\ECE317_Project.vcxproj.GenerateResource.Cache
C:\Users\iChri_000\Documents\Visual Studio 2012\Projects\ECE317_Project\ECE317_Project\Debug\ECE317_Project.vcxprojResolveAssemblyReference.cache
C:\Users\iChri_000\Documents\Visual Studio 2012\Projects\ECE317_Project\ECE317_Project\Debug\.NETFramework,Version=v4.5.AssemblyAttributes.obj
C:\Users\iChri_000\Documents\Visual Studio 2012\Projects\ECE317_Project\ECE317_Project\Debug\Calculator.obj
C:\Users\iChri_000\Documents\Visual Studio 2012\Projects\ECE317_Project\ECE317_Project\Debug\Complex.obj
C:\Users\iChri_000\Documents\Visual Studio 2012\Projects\ECE317_Project\ECE317_Project\Debug\MyForm.obj
C:\Users\iChri_000\Documents\Visual Studio 2012\Projects\ECE317_Project\ECE317_Project\Debug\cl.command.1.tlog
C:\Users\iChri_000\Documents\Visual Studio 2012\Projects\ECE317_Project\ECE317_Project\Debug\CL.read.1.tlog
C:\Users\iChri_000\Documents\Visual Studio 2012\Projects\ECE317_Project\ECE317_Project\Debug\CL.write.1.tlog
C:\Users\iChri_000\Documents\Visual Studio 2012\Projects\ECE317_Project\ECE317_Project\Debug\ECE317_Project.write.1.tlog
C:\Users\iChri_000\Documents\Visual Studio 2012\Projects\ECE317_Project\ECE317_Project\Debug\link.10348-cvtres.read.1.tlog
C:\Users\iChri_000\Documents\Visual Studio 2012\Projects\ECE317_Project\ECE317_Project\Debug\link.10348-cvtres.write.1.tlog
C:\Users\iChri_000\Documents\Visual Studio 2012\Projects\ECE317_Project\ECE317_Project\Debug\link.10348-rc.read.1.tlog
C:\Users\iChri_000\Documents\Visual Studio 2012\Projects\ECE317_Project\ECE317_Project\Debug\link.10348-rc.write.1.tlog
C:\Users\iChri_000\Documents\Visual Studio 2012\Projects\ECE317_Project\ECE317_Project\Debug\link.10348.read.1.tlog
C:\Users\iChri_000\Documents\Visual Studio 2012\Projects\ECE317_Project\ECE317_Project\Debug\link.10348.write.1.tlog
C:\Users\iChri_000\Documents\Visual Studio 2012\Projects\ECE317_Project\ECE317_Project\Debug\link.10748-cvtres.read.1.tlog
C:\Users\iChri_000\Documents\Visual Studio 2012\Projects\ECE317_Project\ECE317_Project\Debug\link.10748-cvtres.write.1.tlog
C:\Users\iChri_000\Documents\Visual Studio 2012\Projects\ECE317_Project\ECE317_Project\Debug\link.10748-rc.read.1.tlog
C:\Users\iChri_000\Documents\Visual Studio 2012\Projects\ECE317_Project\ECE317_Project\Debug\link.10748-rc.write.1.tlog
C:\Users\iChri_000\Documents\Visual Studio 2012\Projects\ECE317_Project\ECE317_Project\Debug\link.10748.read.1.tlog
C:\Users\iChri_000\Documents\Visual Studio 2012\Projects\ECE317_Project\ECE317_Project\Debug\link.10748.write.1.tlog
C:\Users\iChri_000\Documents\Visual Studio 2012\Projects\ECE317_Project\ECE317_Project\Debug\link.12712-cvtres.read.1.tlog
C:\Users\iChri_000\Documents\Visual Studio 2012\Projects\ECE317_Project\ECE317_Project\Debug\link.12712-cvtres.write.1.tlog
C:\Users\iChri_000\Documents\Visual Studio 2012\Projects\ECE317_Project\ECE317_Project\Debug\link.12712-rc.read.1.tlog
C:\Users\iChri_000\Documents\Visual Studio 2012\Projects\ECE317_Project\ECE317_Project\Debug\link.12712-rc.write.1.tlog
C:\Users\iChri_000\Documents\Visual Studio 2012\Projects\ECE317_Project\ECE317_Project\Debug\link.12712.read.1.tlog
C:\Users\iChri_000\Documents\Visual Studio 2012\Projects\ECE317_Project\ECE317_Project\Debug\link.12712.write.1.tlog
C:\Users\iChri_000\Documents\Visual Studio 2012\Projects\ECE317_Project\ECE317_Project\Debug\link.13056-cvtres.read.1.tlog
C:\Users\iChri_000\Documents\Visual Studio 2012\Projects\ECE317_Project\ECE317_Project\Debug\link.13056-cvtres.write.1.tlog
C:\Users\iChri_000\Documents\Visual Studio 2012\Projects\ECE317_Project\ECE317_Project\Debug\link.13056-rc.read.1.tlog
C:\Users\iChri_000\Documents\Visual Studio 2012\Projects\ECE317_Project\ECE317_Project\Debug\link.13056-rc.write.1.tlog
C:\Users\iChri_000\Documents\Visual Studio 2012\Projects\ECE317_Project\ECE317_Project\Debug\link.13056.read.1.tlog
C:\Users\iChri_000\Documents\Visual Studio 2012\Projects\ECE317_Project\ECE317_Project\Debug\link.13056.write.1.tlog
C:\Users\iChri_000\Documents\Visual Studio 2012\Projects\ECE317_Project\ECE317_Project\Debug\link.13248-cvtres.read.1.tlog
C:\Users\iChri_000\Documents\Visual Studio 2012\Projects\ECE317_Project\ECE317_Project\Debug\link.13248-cvtres.write.1.tlog
C:\Users\iChri_000\Documents\Visual Studio 2012\Projects\ECE317_Project\ECE317_Project\Debug\link.13248-rc.read.1.tlog
C:\Users\iChri_000\Documents\Visual Studio 2012\Projects\ECE317_Project\ECE317_Project\Debug\link.13248-rc.write.1.tlog
C:\Users\iChri_000\Documents\Visual Studio 2012\Projects\ECE317_Project\ECE317_Project\Debug\link.13248.read.1.tlog
C:\Users\iChri_000\Documents\Visual Studio 2012\Projects\ECE317_Project\ECE317_Project\Debug\link.13248.write.1.tlog
C:\Users\iChri_000\Documents\Visual Studio 2012\Projects\ECE317_Project\ECE317_Project\Debug\link.13928-cvtres.read.1.tlog
C:\Users\iChri_000\Documents\Visual Studio 2012\Projects\ECE317_Project\ECE317_Project\Debug\link.13928-cvtres.write.1.tlog
C:\Users\iChri_000\Documents\Visual Studio 2012\Projects\ECE317_Project\ECE317_Project\Debug\link.13928-rc.read.1.tlog
C:\Users\iChri_000\Documents\Visual Studio 2012\Projects\ECE317_Project\ECE317_Project\Debug\link.13928-rc.write.1.tlog
C:\Users\iChri_000\Documents\Visual Studio 2012\Projects\ECE317_Project\ECE317_Project\Debug\link.13928.read.1.tlog
C:\Users\iChri_000\Documents\Visual Studio 2012\Projects\ECE317_Project\ECE317_Project\Debug\link.13928.write.1.tlog
C:\Users\iChri_000\Documents\Visual Studio 2012\Projects\ECE317_Project\ECE317_Project\Debug\link.13952-cvtres.read.1.tlog
C:\Users\iChri_000\Documents\Visual Studio 2012\Projects\ECE317_Project\ECE317_Project\Debug\link.13952-cvtres.write.1.tlog
C:\Users\iChri_000\Documents\Visual Studio 2012\Projects\ECE317_Project\ECE317_Project\Debug\link.13952-rc.read.1.tlog
C:\Users\iChri_000\Documents\Visual Studio 2012\Projects\ECE317_Project\ECE317_Project\Debug\link.13952-rc.write.1.tlog
C:\Users\iChri_000\Documents\Visual Studio 2012\Projects\ECE317_Project\ECE317_Project\Debug\link.13952.read.1.tlog
C:\Users\iChri_000\Documents\Visual Studio 2012\Projects\ECE317_Project\ECE317_Project\Debug\link.13952.write.1.tlog
C:\Users\iChri_000\Documents\Visual Studio 2012\Projects\ECE317_Project\ECE317_Project\Debug\link.13980-cvtres.read.1.tlog
C:\Users\iChri_000\Documents\Visual Studio 2012\Projects\ECE317_Project\ECE317_Project\Debug\link.13980-cvtres.write.1.tlog
C:\Users\iChri_000\Documents\Visual Studio 2012\Projects\ECE317_Project\ECE317_Project\Debug\link.13980-rc.read.1.tlog
C:\Users\iChri_000\Documents\Visual Studio 2012\Projects\ECE317_Project\ECE317_Project\Debug\link.13980-rc.write.1.tlog
C:\Users\iChri_000\Documents\Visual Studio 2012\Projects\ECE317_Project\ECE317_Project\Debug\link.13980.read.1.tlog
C:\Users\iChri_000\Documents\Visual Studio 2012\Projects\ECE317_Project\ECE317_Project\Debug\link.13980.write.1.tlog
C:\Users\iChri_000\Documents\Visual Studio 2012\Projects\ECE317_Project\ECE317_Project\Debug\link.14016-cvtres.read.1.tlog
C:\Users\iChri_000\Documents\Visual Studio 2012\Projects\ECE317_Project\ECE317_Project\Debug\link.14016-cvtres.write.1.tlog
C:\Users\iChri_000\Documents\Visual Studio 2012\Projects\ECE317_Project\ECE317_Project\Debug\link.14016-rc.read.1.tlog
C:\Users\iChri_000\Documents\Visual Studio 2012\Projects\ECE317_Project\ECE317_Project\Debug\link.14016-rc.write.1.tlog
C:\Users\iChri_000\Documents\Visual Studio 2012\Projects\ECE317_Project\ECE317_Project\Debug\link.14016.read.1.tlog
C:\Users\iChri_000\Documents\Visual Studio 2012\Projects\ECE317_Project\ECE317_Project\Debug\link.14016.write.1.tlog
C:\Users\iChri_000\Documents\Visual Studio 2012\Projects\ECE317_Project\ECE317_Project\Debug\link.14956-cvtres.read.1.tlog
C:\Users\iChri_000\Documents\Visual Studio 2012\Projects\ECE317_Project\ECE317_Project\Debug\link.14956-cvtres.write.1.tlog
C:\Users\iChri_000\Documents\Visual Studio 2012\Projects\ECE317_Project\ECE317_Project\Debug\link.14956-rc.read.1.tlog
C:\Users\iChri_000\Documents\Visual Studio 2012\Projects\ECE317_Project\ECE317_Project\Debug\link.14956-rc.write.1.tlog
C:\Users\iChri_000\Documents\Visual Studio 2012\Projects\ECE317_Project\ECE317_Project\Debug\link.14956.read.1.tlog
C:\Users\iChri_000\Documents\Visual Studio 2012\Projects\ECE317_Project\ECE317_Project\Debug\link.14956.write.1.tlog
C:\Users\iChri_000\Documents\Visual Studio 2012\Projects\ECE317_Project\ECE317_Project\Debug\link.3768-cvtres.read.1.tlog
C:\Users\iChri_000\Documents\Visual Studio 2012\Projects\ECE317_Project\ECE317_Project\Debug\link.3768-cvtres.write.1.tlog
C:\Users\iChri_000\Documents\Visual Studio 2012\Projects\ECE317_Project\ECE317_Project\Debug\link.3768-rc.read.1.tlog
C:\Users\iChri_000\Documents\Visual Studio 2012\Projects\ECE317_Project\ECE317_Project\Debug\link.3768-rc.write.1.tlog
C:\Users\iChri_000\Documents\Visual Studio 2012\Projects\ECE317_Project\ECE317_Project\Debug\link.3768.read.1.tlog
C:\Users\iChri_000\Documents\Visual Studio 2012\Projects\ECE317_Project\ECE317_Project\Debug\link.3768.write.1.tlog
C:\Users\iChri_000\Documents\Visual Studio 2012\Projects\ECE317_Project\ECE317_Project\Debug\link.4244-cvtres.read.1.tlog
C:\Users\iChri_000\Documents\Visual Studio 2012\Projects\ECE317_Project\ECE317_Project\Debug\link.4244-cvtres.write.1.tlog
C:\Users\iChri_000\Documents\Visual Studio 2012\Projects\ECE317_Project\ECE317_Project\Debug\link.4244-rc.read.1.tlog
C:\Users\iChri_000\Documents\Visual Studio 2012\Projects\ECE317_Project\ECE317_Project\Debug\link.4244-rc.write.1.tlog
C:\Users\iChri_000\Documents\Visual Studio 2012\Projects\ECE317_Project\ECE317_Project\Debug\link.4244.read.1.tlog
C:\Users\iChri_000\Documents\Visual Studio 2012\Projects\ECE317_Project\ECE317_Project\Debug\link.4244.write.1.tlog
C:\Users\iChri_000\Documents\Visual Studio 2012\Projects\ECE317_Project\ECE317_Project\Debug\link.4912-cvtres.read.1.tlog
C:\Users\iChri_000\Documents\Visual Studio 2012\Projects\ECE317_Project\ECE317_Project\Debug\link.4912-cvtres.write.1.tlog
C:\Users\iChri_000\Documents\Visual Studio 2012\Projects\ECE317_Project\ECE317_Project\Debug\link.4912-rc.read.1.tlog
C:\Users\iChri_000\Documents\Visual Studio 2012\Projects\ECE317_Project\ECE317_Project\Debug\link.4912-rc.write.1.tlog
C:\Users\iChri_000\Documents\Visual Studio 2012\Projects\ECE317_Project\ECE317_Project\Debug\link.4912.read.1.tlog
C:\Users\iChri_000\Documents\Visual Studio 2012\Projects\ECE317_Project\ECE317_Project\Debug\link.4912.write.1.tlog
C:\Users\iChri_000\Documents\Visual Studio 2012\Projects\ECE317_Project\ECE317_Project\Debug\link.5464-cvtres.read.1.tlog
C:\Users\iChri_000\Documents\Visual Studio 2012\Projects\ECE317_Project\ECE317_Project\Debug\link.5464-cvtres.write.1.tlog
C:\Users\iChri_000\Documents\Visual Studio 2012\Projects\ECE317_Project\ECE317_Project\Debug\link.5464-rc.read.1.tlog
C:\Users\iChri_000\Documents\Visual Studio 2012\Projects\ECE317_Project\ECE317_Project\Debug\link.5464-rc.write.1.tlog
C:\Users\iChri_000\Documents\Visual Studio 2012\Projects\ECE317_Project\ECE317_Project\Debug\link.5464.read.1.tlog
C:\Users\iChri_000\Documents\Visual Studio 2012\Projects\ECE317_Project\ECE317_Project\Debug\link.5464.write.1.tlog
C:\Users\iChri_000\Documents\Visual Studio 2012\Projects\ECE317_Project\ECE317_Project\Debug\link.5640-cvtres.read.1.tlog
C:\Users\iChri_000\Documents\Visual Studio 2012\Projects\ECE317_Project\ECE317_Project\Debug\link.5640-cvtres.write.1.tlog
C:\Users\iChri_000\Documents\Visual Studio 2012\Projects\ECE317_Project\ECE317_Project\Debug\link.5640-rc.read.1.tlog
C:\Users\iChri_000\Documents\Visual Studio 2012\Projects\ECE317_Project\ECE317_Project\Debug\link.5640-rc.write.1.tlog
C:\Users\iChri_000\Documents\Visual Studio 2012\Projects\ECE317_Project\ECE317_Project\Debug\link.5640.read.1.tlog
C:\Users\iChri_000\Documents\Visual Studio 2012\Projects\ECE317_Project\ECE317_Project\Debug\link.5640.write.1.tlog
C:\Users\iChri_000\Documents\Visual Studio 2012\Projects\ECE317_Project\ECE317_Project\Debug\link.6136-cvtres.read.1.tlog
C:\Users\iChri_000\Documents\Visual Studio 2012\Projects\ECE317_Project\ECE317_Project\Debug\link.6136-cvtres.write.1.tlog
C:\Users\iChri_000\Documents\Visual Studio 2012\Projects\ECE317_Project\ECE317_Project\Debug\link.6136-rc.read.1.tlog
C:\Users\iChri_000\Documents\Visual Studio 2012\Projects\ECE317_Project\ECE317_Project\Debug\link.6136-rc.write.1.tlog
C:\Users\iChri_000\Documents\Visual Studio 2012\Projects\ECE317_Project\ECE317_Project\Debug\link.6136.read.1.tlog
C:\Users\iChri_000\Documents\Visual Studio 2012\Projects\ECE317_Project\ECE317_Project\Debug\link.6136.write.1.tlog
C:\Users\iChri_000\Documents\Visual Studio 2012\Projects\ECE317_Project\ECE317_Project\Debug\link.7076-cvtres.read.1.tlog
C:\Users\iChri_000\Documents\Visual Studio 2012\Projects\ECE317_Project\ECE317_Project\Debug\link.7076-cvtres.write.1.tlog
C:\Users\iChri_000\Documents\Visual Studio 2012\Projects\ECE317_Project\ECE317_Project\Debug\link.7076-rc.read.1.tlog
C:\Users\iChri_000\Documents\Visual Studio 2012\Projects\ECE317_Project\ECE317_Project\Debug\link.7076-rc.write.1.tlog
C:\Users\iChri_000\Documents\Visual Studio 2012\Projects\ECE317_Project\ECE317_Project\Debug\link.7076.read.1.tlog
C:\Users\iChri_000\Documents\Visual Studio 2012\Projects\ECE317_Project\ECE317_Project\Debug\link.7076.write.1.tlog
C:\Users\iChri_000\Documents\Visual Studio 2012\Projects\ECE317_Project\ECE317_Project\Debug\link.9340-cvtres.read.1.tlog
C:\Users\iChri_000\Documents\Visual Studio 2012\Projects\ECE317_Project\ECE317_Project\Debug\link.9340-cvtres.write.1.tlog
C:\Users\iChri_000\Documents\Visual Studio 2012\Projects\ECE317_Project\ECE317_Project\Debug\link.9340-rc.read.1.tlog
C:\Users\iChri_000\Documents\Visual Studio 2012\Projects\ECE317_Project\ECE317_Project\Debug\link.9340-rc.write.1.tlog
C:\Users\iChri_000\Documents\Visual Studio 2012\Projects\ECE317_Project\ECE317_Project\Debug\link.9340.read.1.tlog
C:\Users\iChri_000\Documents\Visual Studio 2012\Projects\ECE317_Project\ECE317_Project\Debug\link.9340.write.1.tlog
C:\Users\iChri_000\Documents\Visual Studio 2012\Projects\ECE317_Project\ECE317_Project\Debug\link.9792-cvtres.read.1.tlog
C:\Users\iChri_000\Documents\Visual Studio 2012\Projects\ECE317_Project\ECE317_Project\Debug\link.9792-cvtres.write.1.tlog
C:\Users\iChri_000\Documents\Visual Studio 2012\Projects\ECE317_Project\ECE317_Project\Debug\link.9792-rc.read.1.tlog
C:\Users\iChri_000\Documents\Visual Studio 2012\Projects\ECE317_Project\ECE317_Project\Debug\link.9792-rc.write.1.tlog
C:\Users\iChri_000\Documents\Visual Studio 2012\Projects\ECE317_Project\ECE317_Project\Debug\link.9792.read.1.tlog
C:\Users\iChri_000\Documents\Visual Studio 2012\Projects\ECE317_Project\ECE317_Project\Debug\link.9792.write.1.tlog
C:\Users\iChri_000\Documents\Visual Studio 2012\Projects\ECE317_Project\ECE317_Project\Debug\link.command.1.tlog
C:\Users\iChri_000\Documents\Visual Studio 2012\Projects\ECE317_Project\ECE317_Project\Debug\link.read.1.tlog
C:\Users\iChri_000\Documents\Visual Studio 2012\Projects\ECE317_Project\ECE317_Project\Debug\link.write.1.tlog
C:\Users\iChri_000\Documents\Visual Studio 2012\Projects\ECE317_Project\ECE317_Project\Debug\metagen.read.1.tlog
C:\Users\iChri_000\Documents\Visual Studio 2012\Projects\ECE317_Project\ECE317_Project\Debug\metagen.write.1.tlog
C:\Users\iChri_000\Documents\Visual Studio 2012\Projects\ECE317_Project\ECE317_Project\Debug\vc110.pdb
C:\Users\iChri_000\Documents\Visual Studio 2012\Projects\ECE317_Project\ECE317_Project\Debug\TZRES.DLL.bi
c:\users\ichri_000\documents\visual studio 2012\Projects\New\Debug\ECE317_Project.pdb
c:\users\ichri_000\documents\visual studio 2012\Projects\New\Debug\ECE317_Project.ilk
