Build started 04/04/2016 19:23:55.
     1>Project "C:\Users\Christos\Desktop\New\ECE317_Project\ECE317_Project\ECE317_Project.vcxproj" on node 2 (Build target(s)).
     1>ClCompile:
         C:\Program Files (x86)\Microsoft Visual Studio 11.0\VC\bin\CL.exe /c /AI"C:\Program Files (x86)\Reference Assemblies\Microsoft\Framework\.NETFramework\v4.5\\" /AI"C:\Program Files (x86)\Windows Kits\8.0\References\CommonConfiguration\Neutral" /AI"C:\Program Files (x86)\Reference Assemblies\Microsoft\Framework\.NETFramework\v4.5\Facades\\" /Zi /clr /nologo /W3 /WX- /Od /Oy- /D WIN32 /D _DEBUG /D _UNICODE /D UNICODE /EHa /MDd /GS /fp:precise /Zc:wchar_t /Zc:forScope /Fo"Debug\\" /Fd"Debug\vc110.pdb" /TP /FU"C:\Program Files (x86)\Reference Assemblies\Microsoft\Framework\.NETFramework\v4.5\mscorlib.dll" /FU"C:\Program Files (x86)\Reference Assemblies\Microsoft\Framework\.NETFramework\v4.5\System.Data.dll" /FU"C:\Program Files (x86)\Reference Assemblies\Microsoft\Framework\.NETFramework\v4.5\System.dll" /FU"C:\Program Files (x86)\Reference Assemblies\Microsoft\Framework\.NETFramework\v4.5\System.Drawing.dll" /FU"C:\Program Files (x86)\Reference Assemblies\Microsoft\Framework\.NETFramework\v4.5\System.Messaging.dll" /FU"C:\Program Files (x86)\Reference Assemblies\Microsoft\Framework\.NETFramework\v4.5\System.Windows.Forms.dll" /FU"C:\Program Files (x86)\Reference Assemblies\Microsoft\Framework\.NETFramework\v4.5\System.Xml.dll" /analyze- /errorReport:prompt /clr:nostdlib Complex.cpp MyForm.cpp
         Complex.cpp
         MyForm.cpp
         Generating Code...
       Link:
         C:\Program Files (x86)\Microsoft Visual Studio 11.0\VC\bin\link.exe /ERRORREPORT:PROMPT /OUT:"C:\Users\Christos\Desktop\New\ECE317_Project\Debug\ECE317_Project.exe" /INCREMENTAL /NOLOGO /ASSEMBLYRESOURCE:Debug\ECE317_Project.Complex.resources /ASSEMBLYRESOURCE:Debug\ECE317_Project.MyForm.resources /ASSEMBLYRESOURCE:Debug\ECE317_Project.MyForm1.resources /ASSEMBLYRESOURCE:Debug\ECE317_Project.MyForm2.resources /ASSEMBLYRESOURCE:Debug\ECE317_Project.MyForm3.resources /ASSEMBLYRESOURCE:Debug\ECE317_Project.MyForm4.resources /ASSEMBLYRESOURCE:Debug\ECE317_Project.MyForm5.resources /ASSEMBLYRESOURCE:Debug\ECE317_Project.MyForm6.resources /ASSEMBLYRESOURCE:Debug\ECE317_Project.MyForm7.resources /ASSEMBLYRESOURCE:Debug\ECE317_Project.MyForm8.resources /ASSEMBLYRESOURCE:Debug\ECE317_Project.MyForm9.resources /MANIFEST /MANIFESTUAC:"level='asInvoker' uiAccess='false'" /manifest:embed /DEBUG /PDB:"C:\Users\Christos\Desktop\New\ECE317_Project\Debug\ECE317_Project.pdb" /ASSEMBLYDEBUG /SUBSYSTEM:WINDOWS /TLBID:1 /ENTRY:"Main" /DYNAMICBASE /FIXED:NO /NXCOMPAT /MACHINE:X86 Debug\Complex.obj
         Debug\MyForm.obj
         Debug\MyForm1.obj
         Debug\MyForm2.obj
         Debug\MyForm3.obj
         Debug\MyForm4.obj
         Debug\MyForm5.obj
         Debug\MyForm6.obj
         Debug\MyForm7.obj
         Debug\MyForm8.obj
         Debug\MyForm9.obj
         "Debug\.NETFramework,Version=v4.5.AssemblyAttributes.obj"
         ECE317_Project.vcxproj -> C:\Users\Christos\Desktop\New\ECE317_Project\Debug\ECE317_Project.exe
     1>Done Building Project "C:\Users\Christos\Desktop\New\ECE317_Project\ECE317_Project\ECE317_Project.vcxproj" (Build target(s)).

Build succeeded.

Time Elapsed 00:00:02.70
